0 verbose cli /usr/local/bin/node /usr/local/bin/npm
1 info using npm@10.5.0
2 info using node@v20.12.2
3 timing npm:load:whichnode Completed in 10ms
4 timing config:load:defaults Completed in 15ms
5 timing config:load:file:/usr/local/lib/node_modules/npm/npmrc Completed in 10ms
6 timing config:load:builtin Completed in 11ms
7 timing config:load:cli Completed in 8ms
8 timing config:load:env Completed in 1ms
9 timing config:load:project Completed in 11ms
10 timing config:load:file:/root/.npmrc Completed in 24ms
11 timing config:load:user Completed in 26ms
12 timing config:load:file:/usr/local/etc/npmrc Completed in 4ms
13 timing config:load:global Completed in 5ms
14 timing config:load:setEnvs Completed in 7ms
15 timing config:load Completed in 89ms
16 timing npm:load:configload Completed in 90ms
17 timing config:load:flatten Completed in 9ms
18 timing npm:load:mkdirpcache Completed in 3ms
19 timing npm:load:mkdirplogs Completed in 2ms
20 verbose title npm run migrate
21 verbose argv "run" "migrate"
22 timing npm:load:setTitle Completed in 7ms
23 timing npm:load:display Completed in 5ms
24 verbose logfile logs-max:10 dir:/root/.npm/_logs/2026-03-26T16_11_27_872Z-
25 verbose logfile /root/.npm/_logs/2026-03-26T16_11_27_872Z-debug-0.log
26 timing npm:load:logFile Completed in 44ms
27 timing npm:load:timers Completed in 1ms
28 timing npm:load:configScope Completed in 0ms
29 timing npm:load Completed in 271ms
30 silly logfile done cleaning log files
31 timing command:run Completed in 4500ms
32 verbose exit 0
33 timing npm Completed in 5136ms
34 info ok
